This is pdfTeX, Version 3.14159265-2.6-1.40.19 (TeX Live 2018) (preloaded format=pdflatex 2018.9.12)  15 MAY 2020 22:59
entering extended mode
 restricted \write18 enabled.
 %&-line parsing enabled.
**"lit-rev (original).tex"
(./lit-rev (original).tex
LaTeX2e <2018-04-01> patch level 2
Babel <3.18> and hyphenation patterns for 84 language(s) loaded.
(/usr/local/texlive/2018/texmf-dist/tex/latex/base/article.cls
Document Class: article 2014/09/29 v1.4h Standard LaTeX document class
(/usr/local/texlive/2018/texmf-dist/tex/latex/base/size10.clo
File: size10.clo 2014/09/29 v1.4h Standard LaTeX file (size option)
)
\c@part=\count80
\c@section=\count81
\c@subsection=\count82
\c@subsubsection=\count83
\c@paragraph=\count84
\c@subparagraph=\count85
\c@figure=\count86
\c@table=\count87
\abovecaptionskip=\skip41
\belowcaptionskip=\skip42
\bibindent=\dimen102
)
(/usr/local/texlive/2018/texmf-dist/tex/latex/tools/indentfirst.sty
Package: indentfirst 1995/11/23 v1.03 Indent first paragraph (DPC)
)
(/usr/local/texlive/2018/texmf-dist/tex/latex/apacite/apacite.sty
Package: apacite 2013/07/21 v6.03 APA citation
\c@BibCnt=\count88
\bibleftmargin=\skip43
\bibindent=\skip44
\bibparsep=\skip45
\bibitemsep=\skip46
\biblabelsep=\skip47
)
(/usr/local/texlive/2018/texmf-dist/tex/latex/placeins/placeins.sty
Package: placeins 2005/04/18  v 2.2
)
(/usr/local/texlive/2018/texmf-dist/tex/latex/changepage/changepage.sty
Package: changepage 2009/10/20 v1.0c check page and change page layout
\c@cp@cntr=\count89
\cp@tempcnt=\count90
)
(/usr/local/texlive/2018/texmf-dist/tex/latex/tools/multicol.sty
Package: multicol 2018/04/01 v1.8r multicolumn formatting (FMi)
\c@tracingmulticols=\count91
\mult@box=\box26
\multicol@leftmargin=\dimen103
\c@unbalance=\count92
\c@collectmore=\count93
\doublecol@number=\count94
\multicoltolerance=\count95
\multicolpretolerance=\count96
\full@width=\dimen104
\page@free=\dimen105
\premulticols=\dimen106
\postmulticols=\dimen107
\multicolsep=\skip48
\multicolbaselineskip=\skip49
\partial@page=\box27
\last@line=\box28
\maxbalancingoverflow=\dimen108
\mult@rightbox=\box29
\mult@grightbox=\box30
\mult@gfirstbox=\box31
\mult@firstbox=\box32
\@tempa=\box33
\@tempa=\box34
\@tempa=\box35
\@tempa=\box36
\@tempa=\box37
\@tempa=\box38
\@tempa=\box39
\@tempa=\box40
\@tempa=\box41
\@tempa=\box42
\@tempa=\box43
\@tempa=\box44
\@tempa=\box45
\@tempa=\box46
\@tempa=\box47
\@tempa=\box48
\@tempa=\box49
\c@columnbadness=\count97
\c@finalcolumnbadness=\count98
\last@try=\dimen109
\multicolovershoot=\dimen110
\multicolundershoot=\dimen111
\mult@nat@firstbox=\box50
\colbreak@box=\box51
\mc@col@check@num=\count99
)
(/usr/local/texlive/2018/texmf-dist/tex/latex/graphics/graphicx.sty
Package: graphicx 2017/06/01 v1.1a Enhanced LaTeX Graphics (DPC,SPQR)

(/usr/local/texlive/2018/texmf-dist/tex/latex/graphics/keyval.sty
Package: keyval 2014/10/28 v1.15 key=value parser (DPC)
\KV@toks@=\toks14
)
(/usr/local/texlive/2018/texmf-dist/tex/latex/graphics/graphics.sty
Package: graphics 2017/06/25 v1.2c Standard LaTeX Graphics (DPC,SPQR)

(/usr/local/texlive/2018/texmf-dist/tex/latex/graphics/trig.sty
Package: trig 2016/01/03 v1.10 sin cos tan (DPC)
)
(/usr/local/texlive/2018/texmf-dist/tex/latex/graphics-cfg/graphics.cfg
File: graphics.cfg 2016/06/04 v1.11 sample graphics configuration
)
Package graphics Info: Driver file: pdftex.def on input line 99.

(/usr/local/texlive/2018/texmf-dist/tex/latex/graphics-def/pdftex.def
File: pdftex.def 2018/01/08 v1.0l Graphics/color driver for pdftex
))
\Gin@req@height=\dimen112
\Gin@req@width=\dimen113
)
(/usr/local/texlive/2018/texmf-dist/tex/latex/caption/subcaption.sty
Package: subcaption 2016/05/22 v1.1-161 Sub-captions (AR)

(/usr/local/texlive/2018/texmf-dist/tex/latex/caption/caption.sty
Package: caption 2016/02/21 v3.3-144 Customizing captions (AR)

(/usr/local/texlive/2018/texmf-dist/tex/latex/caption/caption3.sty
Package: caption3 2016/05/22 v1.7-166 caption3 kernel (AR)
Package caption3 Info: TeX engine: e-TeX on input line 67.
\captionmargin=\dimen114
\captionmargin@=\dimen115
\captionwidth=\dimen116
\caption@tempdima=\dimen117
\caption@indent=\dimen118
\caption@parindent=\dimen119
\caption@hangindent=\dimen120
)
\c@ContinuedFloat=\count100
)
\c@subfigure=\count101
\c@subtable=\count102
)
(/usr/local/texlive/2018/texmf-dist/tex/latex/booktabs/booktabs.sty
Package: booktabs 2016/04/27 v1.618033 publication quality tables
\heavyrulewidth=\dimen121
\lightrulewidth=\dimen122
\cmidrulewidth=\dimen123
\belowrulesep=\dimen124
\belowbottomsep=\dimen125
\aboverulesep=\dimen126
\abovetopsep=\dimen127
\cmidrulesep=\dimen128
\cmidrulekern=\dimen129
\defaultaddspace=\dimen130
\@cmidla=\count103
\@cmidlb=\count104
\@aboverulesep=\dimen131
\@belowrulesep=\dimen132
\@thisruleclass=\count105
\@lastruleclass=\count106
\@thisrulewidth=\dimen133
)
(/usr/local/texlive/2018/texmf-dist/tex/latex/adjustbox/adjustbox.sty
Package: adjustbox 2018/04/08 v1.1 Adjusting TeX boxes (trim, clip, ...)

(/usr/local/texlive/2018/texmf-dist/tex/latex/xkeyval/xkeyval.sty
Package: xkeyval 2014/12/03 v2.7a package option processing (HA)

(/usr/local/texlive/2018/texmf-dist/tex/generic/xkeyval/xkeyval.tex
(/usr/local/texlive/2018/texmf-dist/tex/generic/xkeyval/xkvutils.tex
\XKV@toks=\toks15
\XKV@tempa@toks=\toks16
)
\XKV@depth=\count107
File: xkeyval.tex 2014/12/03 v2.7a key=value parser (HA)
))
(/usr/local/texlive/2018/texmf-dist/tex/latex/adjustbox/adjcalc.sty
Package: adjcalc 2012/05/16 v1.1 Provides advanced setlength with multiple back
-ends (calc, etex, pgfmath)
)
(/usr/local/texlive/2018/texmf-dist/tex/latex/adjustbox/trimclip.sty
Package: trimclip 2018/04/08 v1.1 Trim and clip general TeX material

(/usr/local/texlive/2018/texmf-dist/tex/latex/collectbox/collectbox.sty
Package: collectbox 2012/05/17 v0.4b Collect macro arguments as boxes
\collectedbox=\box52
)
\tc@llx=\dimen134
\tc@lly=\dimen135
\tc@urx=\dimen136
\tc@ury=\dimen137
Package trimclip Info: Using driver 'tc-pdftex.def'.

(/usr/local/texlive/2018/texmf-dist/tex/latex/adjustbox/tc-pdftex.def
File: tc-pdftex.def 2018/04/08 v2.1 Clipping driver for pdftex
))
\adjbox@Width=\dimen138
\adjbox@Height=\dimen139
\adjbox@Depth=\dimen140
\adjbox@Totalheight=\dimen141
\adjbox@pwidth=\dimen142
\adjbox@pheight=\dimen143
\adjbox@pdepth=\dimen144
\adjbox@ptotalheight=\dimen145

(/usr/local/texlive/2018/texmf-dist/tex/latex/ifoddpage/ifoddpage.sty
Package: ifoddpage 2016/04/23 v1.1 Conditionals for odd/even page detection
\c@checkoddpage=\count108
LaTeX Info: Redefining \checkoddpage on input line 45.
)
(/usr/local/texlive/2018/texmf-dist/tex/latex/varwidth/varwidth.sty
Package: varwidth 2009/03/30 ver 0.92;  Variable-width minipages
\@vwid@box=\box53
\sift@deathcycles=\count109
\@vwid@loff=\dimen146
\@vwid@roff=\dimen147
))
(/usr/local/texlive/2018/texmf-dist/tex/latex/hyperref/hyperref.sty
Package: hyperref 2018/02/06 v6.86b Hypertext links for LaTeX

(/usr/local/texlive/2018/texmf-dist/tex/generic/oberdiek/hobsub-hyperref.sty
Package: hobsub-hyperref 2016/05/16 v1.14 Bundle oberdiek, subset hyperref (HO)


(/usr/local/texlive/2018/texmf-dist/tex/generic/oberdiek/hobsub-generic.sty
Package: hobsub-generic 2016/05/16 v1.14 Bundle oberdiek, subset generic (HO)
Package: hobsub 2016/05/16 v1.14 Construct package bundles (HO)
Package: infwarerr 2016/05/16 v1.4 Providing info/warning/error messages (HO)
Package: ltxcmds 2016/05/16 v1.23 LaTeX kernel commands for general use (HO)
Package: ifluatex 2016/05/16 v1.4 Provides the ifluatex switch (HO)
Package ifluatex Info: LuaTeX not detected.
Package: ifvtex 2016/05/16 v1.6 Detect VTeX and its facilities (HO)
Package ifvtex Info: VTeX not detected.
Package: intcalc 2016/05/16 v1.2 Expandable calculations with integers (HO)
Package: ifpdf 2017/03/15 v3.2 Provides the ifpdf switch
Package: etexcmds 2016/05/16 v1.6 Avoid name clashes with e-TeX commands (HO)
Package etexcmds Info: Could not find \expanded.
(etexcmds)             That can mean that you are not using pdfTeX 1.50 or
(etexcmds)             that some package has redefined \expanded.
(etexcmds)             In the latter case, load this package earlier.
Package: kvsetkeys 2016/05/16 v1.17 Key value parser (HO)
Package: kvdefinekeys 2016/05/16 v1.4 Define keys (HO)
Package: pdftexcmds 2018/01/30 v0.27 Utility functions of pdfTeX for LuaTeX (HO
)
Package pdftexcmds Info: LuaTeX not detected.
Package pdftexcmds Info: \pdf@primitive is available.
Package pdftexcmds Info: \pdf@ifprimitive is available.
Package pdftexcmds Info: \pdfdraftmode found.
Package: pdfescape 2016/05/16 v1.14 Implements pdfTeX's escape features (HO)
Package: bigintcalc 2016/05/16 v1.4 Expandable calculations on big integers (HO
)
Package: bitset 2016/05/16 v1.2 Handle bit-vector datatype (HO)
Package: uniquecounter 2016/05/16 v1.3 Provide unlimited unique counter (HO)
)
Package hobsub Info: Skipping package `hobsub' (already loaded).
Package: letltxmacro 2016/05/16 v1.5 Let assignment for LaTeX macros (HO)
Package: hopatch 2016/05/16 v1.3 Wrapper for package hooks (HO)
Package: xcolor-patch 2016/05/16 xcolor patch
Package: atveryend 2016/05/16 v1.9 Hooks at the very end of document (HO)
Package atveryend Info: \enddocument detected (standard20110627).
Package: atbegshi 2016/06/09 v1.18 At begin shipout hook (HO)
Package: refcount 2016/05/16 v3.5 Data extraction from label references (HO)
Package: hycolor 2016/05/16 v1.8 Color options for hyperref/bookmark (HO)
)
(/usr/local/texlive/2018/texmf-dist/tex/generic/ifxetex/ifxetex.sty
Package: ifxetex 2010/09/12 v0.6 Provides ifxetex conditional
)
(/usr/local/texlive/2018/texmf-dist/tex/latex/oberdiek/auxhook.sty
Package: auxhook 2016/05/16 v1.4 Hooks for auxiliary files (HO)
)
(/usr/local/texlive/2018/texmf-dist/tex/latex/oberdiek/kvoptions.sty
Package: kvoptions 2016/05/16 v3.12 Key value format for package options (HO)
)
\@linkdim=\dimen148
\Hy@linkcounter=\count110
\Hy@pagecounter=\count111

(/usr/local/texlive/2018/texmf-dist/tex/latex/hyperref/pd1enc.def
File: pd1enc.def 2018/02/06 v6.86b Hyperref: PDFDocEncoding definition (HO)
Now handling font encoding PD1 ...
... no UTF-8 mapping file for font encoding PD1
)
\Hy@SavedSpaceFactor=\count112

(/usr/local/texlive/2018/texmf-dist/tex/latex/latexconfig/hyperref.cfg
File: hyperref.cfg 2002/06/06 v1.2 hyperref configuration of TeXLive
)
Package hyperref Info: Hyper figures OFF on input line 4509.
Package hyperref Info: Link nesting OFF on input line 4514.
Package hyperref Info: Hyper index ON on input line 4517.
Package hyperref Info: Plain pages OFF on input line 4524.
Package hyperref Info: Backreferencing OFF on input line 4529.
Package hyperref Info: Implicit mode ON; LaTeX internals redefined.
Package hyperref Info: Bookmarks ON on input line 4762.
\c@Hy@tempcnt=\count113

(/usr/local/texlive/2018/texmf-dist/tex/latex/url/url.sty
\Urlmuskip=\muskip10
Package: url 2013/09/16  ver 3.4  Verb mode for urls, etc.
)
LaTeX Info: Redefining \url on input line 5115.
\XeTeXLinkMargin=\dimen149
\Fld@menulength=\count114
\Field@Width=\dimen150
\Fld@charsize=\dimen151
Package hyperref Info: Hyper figures OFF on input line 6369.
Package hyperref Info: Link nesting OFF on input line 6374.
Package hyperref Info: Hyper index ON on input line 6377.
Package hyperref Info: backreferencing OFF on input line 6384.
Package hyperref Info: Link coloring OFF on input line 6389.
Package hyperref Info: Link coloring with OCG OFF on input line 6394.
Package hyperref Info: PDF/A mode OFF on input line 6399.
LaTeX Info: Redefining \ref on input line 6439.
LaTeX Info: Redefining \pageref on input line 6443.
\Hy@abspage=\count115
\c@Item=\count116
\c@Hfootnote=\count117
)
Package hyperref Info: Driver (autodetected): hpdftex.

(/usr/local/texlive/2018/texmf-dist/tex/latex/hyperref/hpdftex.def
File: hpdftex.def 2018/02/06 v6.86b Hyperref driver for pdfTeX
\Fld@listcount=\count118
\c@bookmark@seq@number=\count119

(/usr/local/texlive/2018/texmf-dist/tex/latex/oberdiek/rerunfilecheck.sty
Package: rerunfilecheck 2016/05/16 v1.8 Rerun checks for auxiliary files (HO)
Package uniquecounter Info: New unique counter `rerunfilecheck' on input line 2
82.
)
\Hy@SectionHShift=\skip50
)
(/usr/local/texlive/2018/texmf-dist/tex/latex/natbib/natbib.sty
Package: natbib 2010/09/13 8.31b (PWD, AO)
\bibhang=\skip51
\bibsep=\skip52
LaTeX Info: Redefining \cite on input line 694.
LaTeX Info: Redefining \citeauthor on input line 712.
LaTeX Info: Redefining \citeyear on input line 735.
\c@NAT@ctr=\count120
)
Package hyperref Info: Option `bookmarksopen' set `true' on input line 14.


Package hyperref Warning: Option `backref' has already been used,
(hyperref)                setting the option has no effect on input line 26.


Package hyperref Warning: Option `pagebackref' has already been used,
(hyperref)                setting the option has no effect on input line 26.


Package hyperref Warning: Option `hyperindex' has already been used,
(hyperref)                setting the option has no effect on input line 26.

Package hyperref Info: Option `breaklinks' set `true' on input line 26.

Package hyperref Warning: Option `bookmarks' has already been used,
(hyperref)                setting the option has no effect on input line 26.

Package hyperref Info: Option `bookmarksopen' set `true' on input line 26.
(./lit-rev (original).aux

LaTeX Warning: Label `tab:ant-wv' multiply defined.


LaTeX Warning: Label `sub@tab:ant-wv' multiply defined.


LaTeX Warning: Label `tab:camel-wv' multiply defined.


LaTeX Warning: Label `sub@tab:camel-wv' multiply defined.


LaTeX Warning: Label `tab:ivy-wv' multiply defined.


LaTeX Warning: Label `sub@tab:ivy-wv' multiply defined.


LaTeX Warning: Label `tab:jedit-wv' multiply defined.


LaTeX Warning: Label `sub@tab:jedit-wv' multiply defined.


LaTeX Warning: Label `tab:log4j-wv' multiply defined.


LaTeX Warning: Label `sub@tab:log4j-wv' multiply defined.


LaTeX Warning: Label `tab:lucene-wv' multiply defined.


LaTeX Warning: Label `sub@tab:lucene-wv' multiply defined.


LaTeX Warning: Label `tab:poi-wv' multiply defined.


LaTeX Warning: Label `sub@tab:poi-wv' multiply defined.


LaTeX Warning: Label `tab:velocity-wv' multiply defined.


LaTeX Warning: Label `sub@tab:velocity-wv' multiply defined.


LaTeX Warning: Label `tab:xalan-wv' multiply defined.


LaTeX Warning: Label `sub@tab:xalan-wv' multiply defined.


LaTeX Warning: Label `tab:xerces-wv' multiply defined.


LaTeX Warning: Label `sub@tab:xerces-wv' multiply defined.


LaTeX Warning: Label `tab:xalan-wv' multiply defined.


LaTeX Warning: Label `sub@tab:xalan-wv' multiply defined.


LaTeX Warning: Label `tab:xerces-wv' multiply defined.


LaTeX Warning: Label `sub@tab:xerces-wv' multiply defined.


LaTeX Warning: Label `tab:xalan-wv' multiply defined.


LaTeX Warning: Label `sub@tab:xalan-wv' multiply defined.


LaTeX Warning: Label `tab:xerces-wv' multiply defined.


LaTeX Warning: Label `sub@tab:xerces-wv' multiply defined.


LaTeX Warning: Label `tab:xalan-wv' multiply defined.


LaTeX Warning: Label `sub@tab:xalan-wv' multiply defined.


LaTeX Warning: Label `tab:xerces-wv' multiply defined.


LaTeX Warning: Label `sub@tab:xerces-wv' multiply defined.


LaTeX Warning: Label `tab:xalan-wv' multiply defined.


LaTeX Warning: Label `sub@tab:xalan-wv' multiply defined.


LaTeX Warning: Label `tab:xerces-wv' multiply defined.


LaTeX Warning: Label `sub@tab:xerces-wv' multiply defined.


LaTeX Warning: Label `tab:xalan-wv' multiply defined.


LaTeX Warning: Label `sub@tab:xalan-wv' multiply defined.


LaTeX Warning: Label `tab:xalan-wv' multiply defined.


LaTeX Warning: Label `sub@tab:xalan-wv' multiply defined.


LaTeX Warning: Label `tab:xerces-wv' multiply defined.


LaTeX Warning: Label `sub@tab:xerces-wv' multiply defined.


LaTeX Warning: Label `tab:xalan-wv' multiply defined.


LaTeX Warning: Label `sub@tab:xalan-wv' multiply defined.


LaTeX Warning: Label `tab:xerces-wv' multiply defined.


LaTeX Warning: Label `sub@tab:xerces-wv' multiply defined.


LaTeX Warning: Label `tab:xalan-wv' multiply defined.


LaTeX Warning: Label `sub@tab:xalan-wv' multiply defined.


LaTeX Warning: Label `tab:xerces-wv' multiply defined.


LaTeX Warning: Label `sub@tab:xerces-wv' multiply defined.


LaTeX Warning: Label `tab:xalan-wv' multiply defined.


LaTeX Warning: Label `sub@tab:xalan-wv' multiply defined.


LaTeX Warning: Label `tab:xerces-wv' multiply defined.


LaTeX Warning: Label `sub@tab:xerces-wv' multiply defined.


LaTeX Warning: Label `tab:xalan-wv' multiply defined.


LaTeX Warning: Label `sub@tab:xalan-wv' multiply defined.

)
\openout1 = `"lit-rev (original).aux"'.

LaTeX Font Info:    Checking defaults for OML/cmm/m/it on input line 32.
LaTeX Font Info:    ... okay on input line 32.
LaTeX Font Info:    Checking defaults for T1/cmr/m/n on input line 32.
LaTeX Font Info:    ... okay on input line 32.
LaTeX Font Info:    Checking defaults for OT1/cmr/m/n on input line 32.
LaTeX Font Info:    ... okay on input line 32.
LaTeX Font Info:    Checking defaults for OMS/cmsy/m/n on input line 32.
LaTeX Font Info:    ... okay on input line 32.
LaTeX Font Info:    Checking defaults for OMX/cmex/m/n on input line 32.
LaTeX Font Info:    ... okay on input line 32.
LaTeX Font Info:    Checking defaults for U/cmr/m/n on input line 32.
LaTeX Font Info:    ... okay on input line 32.
LaTeX Font Info:    Checking defaults for PD1/pdf/m/n on input line 32.
LaTeX Font Info:    ... okay on input line 32.
\c@maskedRefs=\count121
 (/usr/local/texlive/2018/texmf-dist/tex/latex/apacite/english.apc
File: english.apc 2013/07/21 v6.03 apacite language file
LaTeX Info: Redefining \BPBI on input line 129.
LaTeX Info: Redefining \BHBI on input line 130.
)
(/usr/local/texlive/2018/texmf-dist/tex/context/base/mkii/supp-pdf.mkii
[Loading MPS to PDF converter (version 2006.09.02).]
\scratchcounter=\count122
\scratchdimen=\dimen152
\scratchbox=\box54
\nofMPsegments=\count123
\nofMParguments=\count124
\everyMPshowfont=\toks17
\MPscratchCnt=\count125
\MPscratchDim=\dimen153
\MPnumerator=\count126
\makeMPintoPDFobject=\count127
\everyMPtoPDFconversion=\toks18
) (/usr/local/texlive/2018/texmf-dist/tex/latex/oberdiek/epstopdf-base.sty
Package: epstopdf-base 2016/05/15 v2.6 Base part for package epstopdf

(/usr/local/texlive/2018/texmf-dist/tex/latex/oberdiek/grfext.sty
Package: grfext 2016/05/16 v1.2 Manage graphics extensions (HO)
)
Package epstopdf-base Info: Redefining graphics rule for `.eps' on input line 4
38.
Package grfext Info: Graphics extension search list:
(grfext)             [.pdf,.png,.jpg,.mps,.jpeg,.jbig2,.jb2,.PDF,.PNG,.JPG,.JPE
G,.JBIG2,.JB2,.eps]
(grfext)             \AppendGraphicsExtensions on input line 456.

(/usr/local/texlive/2018/texmf-dist/tex/latex/latexconfig/epstopdf-sys.cfg
File: epstopdf-sys.cfg 2010/07/13 v1.3 Configuration of (r)epstopdf for TeX Liv
e
))
Package caption Info: Begin \AtBeginDocument code.
Package caption Info: hyperref package is loaded.
Package caption Info: End \AtBeginDocument code.
\AtBeginShipoutBox=\box55
Package hyperref Info: Link coloring OFF on input line 32.

(/usr/local/texlive/2018/texmf-dist/tex/latex/hyperref/nameref.sty
Package: nameref 2016/05/21 v2.44 Cross-referencing by name of section

(/usr/local/texlive/2018/texmf-dist/tex/generic/oberdiek/gettitlestring.sty
Package: gettitlestring 2016/05/16 v1.5 Cleanup title references (HO)
)
\c@section@level=\count128
)
LaTeX Info: Redefining \ref on input line 32.
LaTeX Info: Redefining \pageref on input line 32.
LaTeX Info: Redefining \nameref on input line 32.

(./lit-rev (original).out) (./lit-rev (original).out)
\@outlinefile=\write3
\openout3 = `"lit-rev (original).out"'.

LaTeX Font Info:    External font `cmex10' loaded for size
(Font)              <12> on input line 35.
LaTeX Font Info:    External font `cmex10' loaded for size
(Font)              <8> on input line 35.
LaTeX Font Info:    External font `cmex10' loaded for size
(Font)              <6> on input line 35.

Underfull \hbox (badness 10000) in paragraph at lines 46--52

 []

[1

{/usr/local/texlive/2018/texmf-var/fonts/map/pdftex/updmap/pdftex.map}]
Underfull \hbox (badness 10000) in paragraph at lines 53--54

 []

[2] [3]
LaTeX Font Info:    External font `cmex10' loaded for size
(Font)              <7> on input line 63.
LaTeX Font Info:    External font `cmex10' loaded for size
(Font)              <5> on input line 63.


LaTeX Warning: `h' float specifier changed to `ht'.


LaTeX Warning: `h' float specifier changed to `ht'.


LaTeX Warning: `h' float specifier changed to `ht'.


LaTeX Warning: `h' float specifier changed to `ht'.


LaTeX Warning: `h' float specifier changed to `ht'.


LaTeX Warning: `h' float specifier changed to `ht'.


LaTeX Warning: `h' float specifier changed to `ht'.


LaTeX Warning: `h' float specifier changed to `ht'.


LaTeX Warning: `h' float specifier changed to `ht'.

[4] [5] [6]
Underfull \hbox (badness 10000) in paragraph at lines 206--207

 []

LaTeX Font Info:    Try loading font information for OMS+cmr on input line 209.

(/usr/local/texlive/2018/texmf-dist/tex/latex/base/omscmr.fd
File: omscmr.fd 2014/09/29 v2.5h Standard LaTeX font definitions
)
LaTeX Font Info:    Font shape `OMS/cmr/m/n' in size <10> not available
(Font)              Font shape `OMS/cmsy/m/n' tried instead on input line 209.
</Users/rimeljammal/Desktop/Capstone/papers/litreview/images/dtr-ex.png, id=187
, 604.2575pt x 511.9125pt>
File: /Users/rimeljammal/Desktop/Capstone/papers/litreview/images/dtr-ex.png Gr
aphic file (type png)
<use /Users/rimeljammal/Desktop/Capstone/papers/litreview/images/dtr-ex.png>
Package pdftex.def Info: /Users/rimeljammal/Desktop/Capstone/papers/litreview/i
mages/dtr-ex.png  used on input line 212.
(pdftex.def)             Requested size: 248.40042pt x 210.44008pt.
</Users/rimeljammal/Desktop/Capstone/papers/litreview/images/rfr.png, id=190, 9
65.6075pt x 340.27126pt>
File: /Users/rimeljammal/Desktop/Capstone/papers/litreview/images/rfr.png Graph
ic file (type png)
<use /Users/rimeljammal/Desktop/Capstone/papers/litreview/images/rfr.png>
Package pdftex.def Info: /Users/rimeljammal/Desktop/Capstone/papers/litreview/i
mages/rfr.png  used on input line 218.
(pdftex.def)             Requested size: 310.4979pt x 109.41342pt.


LaTeX Warning: `h' float specifier changed to `ht'.

[7

 </Users/rimeljammal/Desktop/Capstone/papers/litreview/images/dtr-ex.png>]
</Users/rimeljammal/Desktop/Capstone/papers/litreview/images/knn-ex.png, id=202
, 322.20375pt x 272.01625pt>
File: /Users/rimeljammal/Desktop/Capstone/papers/litreview/images/knn-ex.png Gr
aphic file (type png)
<use /Users/rimeljammal/Desktop/Capstone/papers/litreview/images/knn-ex.png>
Package pdftex.def Info: /Users/rimeljammal/Desktop/Capstone/papers/litreview/i
mages/knn-ex.png  used on input line 225.
(pdftex.def)             Requested size: 137.9979pt x 116.50813pt.

[8 </Users/rimeljammal/Desktop/Capstone/papers/litreview/images/rfr.png> </User
s/rimeljammal/Desktop/Capstone/papers/litreview/images/knn-ex.png>]
</Users/rimeljammal/Desktop/Capstone/papers/litreview/images/svr-ex.png, id=212
, 392.46625pt x 302.12875pt>
File: /Users/rimeljammal/Desktop/Capstone/papers/litreview/images/svr-ex.png Gr
aphic file (type png)
<use /Users/rimeljammal/Desktop/Capstone/papers/litreview/images/svr-ex.png>
Package pdftex.def Info: /Users/rimeljammal/Desktop/Capstone/papers/litreview/i
mages/svr-ex.png  used on input line 233.
(pdftex.def)             Requested size: 172.5pt x 132.79414pt.
 [9 </Users/rimeljammal/Desktop/Capstone/papers/litreview/images/svr-ex.png>]
Underfull \hbox (badness 10000) in paragraph at lines 240--242

 []

</Users/rimeljammal/Desktop/Capstone/papers/litreview/images/sr.png, id=224, 82
4.07875pt x 714.67pt>
File: /Users/rimeljammal/Desktop/Capstone/papers/litreview/images/sr.png Graphi
c file (type png)
<use /Users/rimeljammal/Desktop/Capstone/papers/litreview/images/sr.png>
Package pdftex.def Info: /Users/rimeljammal/Desktop/Capstone/papers/litreview/i
mages/sr.png  used on input line 245.
(pdftex.def)             Requested size: 345.0pt x 299.1997pt.
[10 </Users/rimeljammal/Desktop/Capstone/papers/litreview/images/sr.png>]
</Users/rimeljammal/Desktop/Capstone/papers/litreview/images/wv.png, id=232, 62
3.32875pt x 241.90375pt>
File: /Users/rimeljammal/Desktop/Capstone/papers/litreview/images/wv.png Graphi
c file (type png)
<use /Users/rimeljammal/Desktop/Capstone/papers/litreview/images/wv.png>
Package pdftex.def Info: /Users/rimeljammal/Desktop/Capstone/papers/litreview/i
mages/wv.png  used on input line 259.
(pdftex.def)             Requested size: 345.0pt x 133.88905pt.

Underfull \hbox (badness 10000) in paragraph at lines 264--265

 []

</Users/rimeljammal/Desktop/Capstone/papers/litreview/images/wp.png, id=234, 62
3.32875pt x 317.185pt>
File: /Users/rimeljammal/Desktop/Capstone/papers/litreview/images/wp.png Graphi
c file (type png)
<use /Users/rimeljammal/Desktop/Capstone/papers/litreview/images/wp.png>
Package pdftex.def Info: /Users/rimeljammal/Desktop/Capstone/papers/litreview/i
mages/wp.png  used on input line 268.
(pdftex.def)             Requested size: 345.0pt x 175.55576pt.

LaTeX Warning: `h' float specifier changed to `ht'.

[11 </Users/rimeljammal/Desktop/Capstone/papers/litreview/images/wv.png>]
Underfull \hbox (badness 10000) in paragraph at lines 278--279

 []


Underfull \hbox (badness 10000) in paragraph at lines 280--281

 []


Underfull \hbox (badness 10000) in paragraph at lines 283--285

 []


Underfull \hbox (badness 10000) in paragraph at lines 283--285

 []


Underfull \hbox (badness 10000) in paragraph at lines 287--289

 []

[12 </Users/rimeljammal/Desktop/Capstone/papers/litreview/images/wp.png>]
Overfull \hbox (86.85901pt too wide) in paragraph at lines 304--338
[]$[]$ $[]$ 
 []

[13]
Overfull \hbox (8.59106pt too wide) in paragraph at lines 370--382
 [][] 
 []


Overfull \hbox (86.85901pt too wide) in paragraph at lines 349--383
[]$[]$ $[]$ 
 []


Overfull \hbox (86.85901pt too wide) in paragraph at lines 392--426
[]$[]$ $[]$ 
 []

[14]
Overfull \hbox (2.93167pt too wide) in paragraph at lines 431--432
[]\OT1/cmr/m/n/10 velocity-1.6 (Ta-ble (h)): KNN scored the best MRE (0.4), whe
reas SR[]RFR
 []


Overfull \hbox (86.85901pt too wide) in paragraph at lines 437--471
[]$[]$ $[]$ 
 []


Overfull \hbox (86.85901pt too wide) in paragraph at lines 482--516
[]$[]$ $[]$ 
 []


Underfull \hbox (badness 10000) in paragraph at lines 519--522

 []

[15]
Overfull \hbox (86.859pt too wide) in paragraph at lines 526--560
[]$[]$ $[]$ 
 []


Overfull \hbox (86.859pt too wide) in paragraph at lines 565--599
[]$[]$ $[]$ 
 []


Overfull \hbox (86.859pt too wide) in paragraph at lines 604--638
[]$[]$ $[]$ 
 []


LaTeX Warning: `h' float specifier changed to `ht'.


Overfull \hbox (86.859pt too wide) in paragraph at lines 643--677
[]$[]$ $[]$ 
 []


LaTeX Warning: `h' float specifier changed to `ht'.


Overfull \hbox (86.859pt too wide) in paragraph at lines 682--716
[]$[]$ $[]$ 
 []


LaTeX Warning: `h' float specifier changed to `ht'.

[16] [17]
Overfull \hbox (101.08539pt too wide) in paragraph at lines 731--765
[]$[]$ $[]$ 
 []


Overfull \hbox (101.08539pt too wide) in paragraph at lines 774--808
[]$[]$ $[]$ 
 []


LaTeX Warning: `h' float specifier changed to `ht'.

[18

]
Overfull \hbox (101.08539pt too wide) in paragraph at lines 817--851
[]$[]$ $[]$ 
 []


Overfull \hbox (5.86462pt too wide) in paragraph at lines 881--893
 [][] 
 []


Overfull \hbox (101.08539pt too wide) in paragraph at lines 860--894
[]$[]$ $[]$ 
 []


LaTeX Warning: `h' float specifier changed to `ht'.

[19]
Overfull \hbox (6.34152pt too wide) in paragraph at lines 908--920
 [][] 
 []

[20]
Underfull \hbox (badness 10000) in paragraph at lines 925--926

 []


Overfull \hbox (101.08539pt too wide) in paragraph at lines 931--965
[]$[]$ $[]$ 
 []


Overfull \hbox (101.08539pt too wide) in paragraph at lines 971--1005
[]$[]$ $[]$ 
 []


Overfull \hbox (101.08539pt too wide) in paragraph at lines 1011--1045
[]$[]$ $[]$ 
 []


LaTeX Warning: `h' float specifier changed to `ht'.


Overfull \hbox (101.08539pt too wide) in paragraph at lines 1051--1085
[]$[]$ $[]$ 
 []


LaTeX Warning: `h' float specifier changed to `ht'.


LaTeX Warning: `h' float specifier changed to `ht'.

[21] [22] [23

] (./lit-rev (original).bbl [24])
Package atveryend Info: Empty hook `BeforeClearDocument' on input line 1125.
 [25]
Package atveryend Info: Empty hook `AfterLastShipout' on input line 1125.
 (./lit-rev (original).aux)
Package atveryend Info: Executing hook `AtVeryEndDocument' on input line 1125.
Package atveryend Info: Executing hook `AtEndAfterFileList' on input line 1125.

Package rerunfilecheck Info: File `"lit-rev (original)".out' has not changed.
(rerunfilecheck)             Checksum: 00036D6A83F9AD4B7235FED7C64A8C95;1175.


LaTeX Warning: There were multiply-defined labels.

Package atveryend Info: Empty hook `AtVeryVeryEnd' on input line 1125.
 ) 
Here is how much of TeX's memory you used:
 8253 strings out of 492649
 129051 string characters out of 6129622
 241657 words of memory out of 5000000
 11931 multiletter control sequences out of 15000+600000
 8540 words of font info for 30 fonts, out of 8000000 for 9000
 1141 hyphenation exceptions out of 8191
 42i,10n,77p,3510b,605s stack positions out of 5000i,500n,10000p,200000b,80000s
</usr/local/texlive/2018/texmf-dist/fonts/type1/public/amsfonts/cm/cmbx10.pfb
></usr/local/texlive/2018/texmf-dist/fonts/type1/public/amsfonts/cm/cmbx12.pfb>
</usr/local/texlive/2018/texmf-dist/fonts/type1/public/amsfonts/cm/cmex10.pfb><
/usr/local/texlive/2018/texmf-dist/fonts/type1/public/amsfonts/cm/cmmi10.pfb></
usr/local/texlive/2018/texmf-dist/fonts/type1/public/amsfonts/cm/cmmi7.pfb></us
r/local/texlive/2018/texmf-dist/fonts/type1/public/amsfonts/cm/cmr10.pfb></usr/
local/texlive/2018/texmf-dist/fonts/type1/public/amsfonts/cm/cmr12.pfb></usr/lo
cal/texlive/2018/texmf-dist/fonts/type1/public/amsfonts/cm/cmr17.pfb></usr/loca
l/texlive/2018/texmf-dist/fonts/type1/public/amsfonts/cm/cmr7.pfb></usr/local/t
exlive/2018/texmf-dist/fonts/type1/public/amsfonts/cm/cmr9.pfb></usr/local/texl
ive/2018/texmf-dist/fonts/type1/public/amsfonts/cm/cmsy10.pfb></usr/local/texli
ve/2018/texmf-dist/fonts/type1/public/amsfonts/cm/cmti10.pfb>
Output written on "lit-rev (original).pdf" (25 pages, 302280 bytes).
PDF statistics:
 409 PDF objects out of 1000 (max. 8388607)
 352 compressed objects within 4 object streams
 109 named destinations out of 1000 (max. 500000)
 188 words of extra memory for PDF output out of 10000 (max. 10000000)

